Build started at 2025-01-30T18:29:07.182606
Main binary: /usr/bin/python
Build Options: -Dbuildtype=debug -Ddefault_library=static
Python system: Linux
The Meson build system
Version: 1.7.0
Source dir: /home/ahlstrom/Home/ca/mls/git/lib66
Build dir: /home/ahlstrom/Home/ca/mls/git/lib66/build
Build type: native build
Project name: lib66
Project version: 1.0
-----------
Detecting compiler via: `cc --version` -> 0
stdout:
cc (GCC) 14.2.1 20240910
Copyright (C) 2024 Free Software Foundation, Inc.
This is free software; see the source for copying conditions.  There is NO
warranty; not even for MERCHANTABILITY or FITNESS FOR A PARTICULAR PURPOSE.
-----------
Running command: -cpp -x c -E -dM -
-----
-----------
Detecting linker via: `cc -Wl,--version` -> 0
stdout:
GNU ld (GNU Binutils) 2.43.1
Copyright (C) 2024 Free Software Foundation, Inc.
This program is free software; you may redistribute it under the terms of
the GNU General Public License version 3 or (at your option) a later version.
This program has absolutely no warranty.
-----------
stderr:
collect2 version 14.2.1 20240910
/usr/bin/ld -plugin /usr/lib/gcc/x86_64-pc-linux-gnu/14.2.1/liblto_plugin.so -plugin-opt=/usr/lib/gcc/x86_64-pc-linux-gnu/14.2.1/lto-wrapper -plugin-opt=-fresolution=/tmp/ccXeEInk.res -plugin-opt=-pass-through=-lgcc -plugin-opt=-pass-through=-lgcc_s -plugin-opt=-pass-through=-lc -plugin-opt=-pass-through=-lgcc -plugin-opt=-pass-through=-lgcc_s --build-id --eh-frame-hdr --hash-style=gnu -m elf_x86_64 -dynamic-linker /lib64/ld-linux-x86-64.so.2 -pie /usr/lib/gcc/x86_64-pc-linux-gnu/14.2.1/../../../../lib/Scrt1.o /usr/lib/gcc/x86_64-pc-linux-gnu/14.2.1/../../../../lib/crti.o /usr/lib/gcc/x86_64-pc-linux-gnu/14.2.1/crtbeginS.o -L/usr/lib/gcc/x86_64-pc-linux-gnu/14.2.1 -L/usr/lib/gcc/x86_64-pc-linux-gnu/14.2.1/../../../../lib -L/lib/../lib -L/usr/lib/../lib -L/usr/lib/gcc/x86_64-pc-linux-gnu/14.2.1/../../.. --version -lgcc --push-state --as-needed -lgcc_s --pop-state -lc -lgcc --push-state --as-needed -lgcc_s --pop-state /usr/lib/gcc/x86_64-pc-linux-gnu/14.2.1/crtendS.o /usr/lib/gcc/x86_64-pc-linux-gnu/14.2.1/../../../../lib/crtn.o
-----------
Sanity testing C compiler: ccache cc
Is cross compiler: False.
Sanity check compiler command line: ccache cc sanitycheckc.c -o sanitycheckc.exe -D_FILE_OFFSET_BITS=64
Sanity check compile stdout:

-----
Sanity check compile stderr:

-----
Running test binary command:  /home/ahlstrom/Home/ca/mls/git/lib66/build/meson-private/sanitycheckc.exe
C compiler for the host machine: ccache cc (gcc 14.2.1 "cc (GCC) 14.2.1 20240910")
C linker for the host machine: cc ld.bfd 2.43.1
-----------
Detecting archiver via: `gcc-ar --version` -> 0
stdout:
GNU ar (GNU Binutils) 2.43.1
Copyright (C) 2024 Free Software Foundation, Inc.
This program is free software; you may redistribute it under the terms of
the GNU General Public License version 3 or (at your option) any later version.
This program has absolutely no warranty.
-----------
-----------
Detecting compiler via: `c++ --version` -> 0
stdout:
c++ (GCC) 14.2.1 20240910
Copyright (C) 2024 Free Software Foundation, Inc.
This is free software; see the source for copying conditions.  There is NO
warranty; not even for MERCHANTABILITY or FITNESS FOR A PARTICULAR PURPOSE.
-----------
Running command: -cpp -x c++ -E -dM -
-----
-----------
Detecting linker via: `c++ -Wl,--version` -> 0
stdout:
GNU ld (GNU Binutils) 2.43.1
Copyright (C) 2024 Free Software Foundation, Inc.
This program is free software; you may redistribute it under the terms of
the GNU General Public License version 3 or (at your option) a later version.
This program has absolutely no warranty.
-----------
stderr:
collect2 version 14.2.1 20240910
/usr/bin/ld -plugin /usr/lib/gcc/x86_64-pc-linux-gnu/14.2.1/liblto_plugin.so -plugin-opt=/usr/lib/gcc/x86_64-pc-linux-gnu/14.2.1/lto-wrapper -plugin-opt=-fresolution=/tmp/ccZ4F4H1.res -plugin-opt=-pass-through=-lgcc_s -plugin-opt=-pass-through=-lgcc -plugin-opt=-pass-through=-lc -plugin-opt=-pass-through=-lgcc_s -plugin-opt=-pass-through=-lgcc --build-id --eh-frame-hdr --hash-style=gnu -m elf_x86_64 -dynamic-linker /lib64/ld-linux-x86-64.so.2 -pie /usr/lib/gcc/x86_64-pc-linux-gnu/14.2.1/../../../../lib/Scrt1.o /usr/lib/gcc/x86_64-pc-linux-gnu/14.2.1/../../../../lib/crti.o /usr/lib/gcc/x86_64-pc-linux-gnu/14.2.1/crtbeginS.o -L/usr/lib/gcc/x86_64-pc-linux-gnu/14.2.1 -L/usr/lib/gcc/x86_64-pc-linux-gnu/14.2.1/../../../../lib -L/lib/../lib -L/usr/lib/../lib -L/usr/lib/gcc/x86_64-pc-linux-gnu/14.2.1/../../.. --version -lstdc++ -lm -lgcc_s -lgcc -lc -lgcc_s -lgcc /usr/lib/gcc/x86_64-pc-linux-gnu/14.2.1/crtendS.o /usr/lib/gcc/x86_64-pc-linux-gnu/14.2.1/../../../../lib/crtn.o
-----------
Sanity testing C++ compiler: ccache c++
Is cross compiler: False.
Sanity check compiler command line: ccache c++ sanitycheckcpp.cc -o sanitycheckcpp.exe -D_FILE_OFFSET_BITS=64
Sanity check compile stdout:

-----
Sanity check compile stderr:

-----
Running test binary command:  /home/ahlstrom/Home/ca/mls/git/lib66/build/meson-private/sanitycheckcpp.exe
C++ compiler for the host machine: ccache c++ (gcc 14.2.1 "c++ (GCC) 14.2.1 20240910")
C++ linker for the host machine: c++ ld.bfd 2.43.1
-----------
Detecting compiler via: `cc --version` -> 0
stdout:
cc (GCC) 14.2.1 20240910
Copyright (C) 2024 Free Software Foundation, Inc.
This is free software; see the source for copying conditions.  There is NO
warranty; not even for MERCHANTABILITY or FITNESS FOR A PARTICULAR PURPOSE.
-----------
Running command: -cpp -x c -E -dM -
-----
-----------
Detecting linker via: `cc -Wl,--version` -> 0
stdout:
GNU ld (GNU Binutils) 2.43.1
Copyright (C) 2024 Free Software Foundation, Inc.
This program is free software; you may redistribute it under the terms of
the GNU General Public License version 3 or (at your option) a later version.
This program has absolutely no warranty.
-----------
stderr:
collect2 version 14.2.1 20240910
/usr/bin/ld -plugin /usr/lib/gcc/x86_64-pc-linux-gnu/14.2.1/liblto_plugin.so -plugin-opt=/usr/lib/gcc/x86_64-pc-linux-gnu/14.2.1/lto-wrapper -plugin-opt=-fresolution=/tmp/cc2Ao4p8.res -plugin-opt=-pass-through=-lgcc -plugin-opt=-pass-through=-lgcc_s -plugin-opt=-pass-through=-lc -plugin-opt=-pass-through=-lgcc -plugin-opt=-pass-through=-lgcc_s --build-id --eh-frame-hdr --hash-style=gnu -m elf_x86_64 -dynamic-linker /lib64/ld-linux-x86-64.so.2 -pie /usr/lib/gcc/x86_64-pc-linux-gnu/14.2.1/../../../../lib/Scrt1.o /usr/lib/gcc/x86_64-pc-linux-gnu/14.2.1/../../../../lib/crti.o /usr/lib/gcc/x86_64-pc-linux-gnu/14.2.1/crtbeginS.o -L/usr/lib/gcc/x86_64-pc-linux-gnu/14.2.1 -L/usr/lib/gcc/x86_64-pc-linux-gnu/14.2.1/../../../../lib -L/lib/../lib -L/usr/lib/../lib -L/usr/lib/gcc/x86_64-pc-linux-gnu/14.2.1/../../.. --version -lgcc --push-state --as-needed -lgcc_s --pop-state -lc -lgcc --push-state --as-needed -lgcc_s --pop-state /usr/lib/gcc/x86_64-pc-linux-gnu/14.2.1/crtendS.o /usr/lib/gcc/x86_64-pc-linux-gnu/14.2.1/../../../../lib/crtn.o
-----------
Sanity testing C compiler: ccache cc
Is cross compiler: False.
Sanity check compiler command line: ccache cc sanitycheckc.c -o sanitycheckc.exe -D_FILE_OFFSET_BITS=64
Sanity check compile stdout:

-----
Sanity check compile stderr:

-----
Running test binary command:  /home/ahlstrom/Home/ca/mls/git/lib66/build/meson-private/sanitycheckc.exe
C compiler for the build machine: ccache cc (gcc 14.2.1 "cc (GCC) 14.2.1 20240910")
C linker for the build machine: cc ld.bfd 2.43.1
-----------
Detecting archiver via: `gcc-ar --version` -> 0
stdout:
GNU ar (GNU Binutils) 2.43.1
Copyright (C) 2024 Free Software Foundation, Inc.
This program is free software; you may redistribute it under the terms of
the GNU General Public License version 3 or (at your option) any later version.
This program has absolutely no warranty.
-----------
-----------
Detecting compiler via: `c++ --version` -> 0
stdout:
c++ (GCC) 14.2.1 20240910
Copyright (C) 2024 Free Software Foundation, Inc.
This is free software; see the source for copying conditions.  There is NO
warranty; not even for MERCHANTABILITY or FITNESS FOR A PARTICULAR PURPOSE.
-----------
Running command: -cpp -x c++ -E -dM -
-----
-----------
Detecting linker via: `c++ -Wl,--version` -> 0
stdout:
GNU ld (GNU Binutils) 2.43.1
Copyright (C) 2024 Free Software Foundation, Inc.
This program is free software; you may redistribute it under the terms of
the GNU General Public License version 3 or (at your option) a later version.
This program has absolutely no warranty.
-----------
stderr:
collect2 version 14.2.1 20240910
/usr/bin/ld -plugin /usr/lib/gcc/x86_64-pc-linux-gnu/14.2.1/liblto_plugin.so -plugin-opt=/usr/lib/gcc/x86_64-pc-linux-gnu/14.2.1/lto-wrapper -plugin-opt=-fresolution=/tmp/ccgrcBsx.res -plugin-opt=-pass-through=-lgcc_s -plugin-opt=-pass-through=-lgcc -plugin-opt=-pass-through=-lc -plugin-opt=-pass-through=-lgcc_s -plugin-opt=-pass-through=-lgcc --build-id --eh-frame-hdr --hash-style=gnu -m elf_x86_64 -dynamic-linker /lib64/ld-linux-x86-64.so.2 -pie /usr/lib/gcc/x86_64-pc-linux-gnu/14.2.1/../../../../lib/Scrt1.o /usr/lib/gcc/x86_64-pc-linux-gnu/14.2.1/../../../../lib/crti.o /usr/lib/gcc/x86_64-pc-linux-gnu/14.2.1/crtbeginS.o -L/usr/lib/gcc/x86_64-pc-linux-gnu/14.2.1 -L/usr/lib/gcc/x86_64-pc-linux-gnu/14.2.1/../../../../lib -L/lib/../lib -L/usr/lib/../lib -L/usr/lib/gcc/x86_64-pc-linux-gnu/14.2.1/../../.. --version -lstdc++ -lm -lgcc_s -lgcc -lc -lgcc_s -lgcc /usr/lib/gcc/x86_64-pc-linux-gnu/14.2.1/crtendS.o /usr/lib/gcc/x86_64-pc-linux-gnu/14.2.1/../../../../lib/crtn.o
-----------
Sanity testing C++ compiler: ccache c++
Is cross compiler: False.
Sanity check compiler command line: ccache c++ sanitycheckcpp.cc -o sanitycheckcpp.exe -D_FILE_OFFSET_BITS=64
Sanity check compile stdout:

-----
Sanity check compile stderr:

-----
Running test binary command:  /home/ahlstrom/Home/ca/mls/git/lib66/build/meson-private/sanitycheckcpp.exe
C++ compiler for the build machine: ccache c++ (gcc 14.2.1 "c++ (GCC) 14.2.1 20240910")
C++ linker for the build machine: c++ ld.bfd 2.43.1
Build machine cpu family: x86_64
Build machine cpu: x86_64
Host machine cpu family: x86_64
Host machine cpu: x86_64
Target machine cpu family: x86_64
Target machine cpu: x86_64
Running compile:
Working directory:  /tmp/tmpspo8xh6t
Code:
int i = static_cast<int>(0);
-----------
Command line: `c++ /tmp/tmpspo8xh6t/testfile.cpp -o /tmp/tmpspo8xh6t/output.obj -D_FILE_OFFSET_BITS=64 -c -std=c++14` -> 0
Compiler accepts -std=c++14: YES
Running compile:
Working directory:  /home/ahlstrom/Home/ca/mls/git/lib66/build/meson-private/tmptyg8k5i_
Code:

        #ifdef __has_include
         #if !__has_include("limits.h")
          #error "Header 'limits.h' could not be found"
         #endif
        #else
         #include <limits.h>
        #endif
-----------
Command line: `c++ /home/ahlstrom/Home/ca/mls/git/lib66/build/meson-private/tmptyg8k5i_/testfile.cpp -E -P -D_FILE_OFFSET_BITS=64 -P -O0 -fpermissive -std=c++14` -> 0
Has header "limits.h" : YES 
Configuring lib66-config.h using configuration
Pkg-config binary missing from cross or native file, or env var undefined.
Trying a default Pkg-config fallback at pkg-config
Found pkg-config: YES (/usr/bin/pkg-config) 2.3.0
Adding test "C++ Platform Macros"
Build targets in project: 2

lib66 1.0

  Lib66 Project
    Date           : 2025-01-30
    Filebase       : lib66-1.0
    Version        : 1.0
    Base           : lib66-1.0
    Description    : Common "66" header files.
    Headers Root   : /home/ahlstrom/Home/ca/mls/git/lib66/include
    Sub Dir        : lib66-1.0
    Build Type     : debug
    Build Root     : /home/ahlstrom/Home/ca/mls/git/lib66/build
    Library Type   : static
    Subproject     : false

  Lib66 Install Directories
    prefix         : /usr/local
    includedir     : /usr/local/include/lib66-1.0
    bindir         : /usr/local/bin
    libdir         : /usr/local/lib/lib66-1.0
    datadir        : /usr/local/share/lib66-1.0
    docdir         : /usr/local/share/lib66-1.0/doc/lib66-1.0

  User defined options
    buildtype      : debug
    default_library: static

Found ninja-1.12.1 at /usr/bin/ninja
Running compile:
Working directory:  /home/ahlstrom/Home/ca/mls/git/lib66/build/meson-private/tmps_nngm1z
Code:

        #ifdef __has_include
         #if !__has_include("version")
          #error "Header 'version' could not be found"
         #endif
        #else
         #include <version>
        #endif
-----------
Command line: `c++ /home/ahlstrom/Home/ca/mls/git/lib66/build/meson-private/tmps_nngm1z/testfile.cpp -E -P -D_FILE_OFFSET_BITS=64 -P -O0 -fpermissive` -> 0
Running compile:
Working directory:  /home/ahlstrom/Home/ca/mls/git/lib66/build/meson-private/tmpc5r0rrdn
Code:

        #include <version>
        int main(void) {
            /* If it's not defined as a macro, try to use as a symbol */
            #ifndef _LIBCPP_VERSION
                _LIBCPP_VERSION;
            #endif
            return 0;
        }
-----------
Command line: `c++ /home/ahlstrom/Home/ca/mls/git/lib66/build/meson-private/tmpc5r0rrdn/testfile.cpp -o /home/ahlstrom/Home/ca/mls/git/lib66/build/meson-private/tmpc5r0rrdn/output.obj -c -D_FILE_OFFSET_BITS=64 -O0 -fpermissive` -> 1
stderr:
/home/ahlstrom/Home/ca/mls/git/lib66/build/meson-private/tmpc5r0rrdn/testfile.cpp: In function 'int main()':
/home/ahlstrom/Home/ca/mls/git/lib66/build/meson-private/tmpc5r0rrdn/testfile.cpp:6:17: error: '_LIBCPP_VERSION' was not declared in this scope
    6 |                 _LIBCPP_VERSION;
      |                 ^~~~~~~~~~~~~~~
-----------
Running compile:
Working directory:  /home/ahlstrom/Home/ca/mls/git/lib66/build/meson-private/tmp140j8buf
Code:

        #include <version>
        using _LIBCPP_VERSION;
        int main(void) { return 0; }
-----------
Command line: `c++ /home/ahlstrom/Home/ca/mls/git/lib66/build/meson-private/tmp140j8buf/testfile.cpp -o /home/ahlstrom/Home/ca/mls/git/lib66/build/meson-private/tmp140j8buf/output.obj -c -D_FILE_OFFSET_BITS=64 -O0 -fpermissive` -> 1
stderr:
/home/ahlstrom/Home/ca/mls/git/lib66/build/meson-private/tmp140j8buf/testfile.cpp:3:15: error: expected nested-name-specifier before '_LIBCPP_VERSION'
    3 |         using _LIBCPP_VERSION;
      |               ^~~~~~~~~~~~~~~
-----------
Using cached compile:
Cached command line:  c++ /home/ahlstrom/Home/ca/mls/git/lib66/build/meson-private/tmps_nngm1z/testfile.cpp -E -P -D_FILE_OFFSET_BITS=64 -P -O0 -fpermissive 

Code:
 
        #ifdef __has_include
         #if !__has_include("version")
          #error "Header 'version' could not be found"
         #endif
        #else
         #include <version>
        #endif
Cached compiler stdout:
 
Cached compiler stderr:
 
Using cached compile:
Cached command line:  c++ /home/ahlstrom/Home/ca/mls/git/lib66/build/meson-private/tmpc5r0rrdn/testfile.cpp -o /home/ahlstrom/Home/ca/mls/git/lib66/build/meson-private/tmpc5r0rrdn/output.obj -c -D_FILE_OFFSET_BITS=64 -O0 -fpermissive 

Code:
 
        #include <version>
        int main(void) {
            /* If it's not defined as a macro, try to use as a symbol */
            #ifndef _LIBCPP_VERSION
                _LIBCPP_VERSION;
            #endif
            return 0;
        }
Cached compiler stdout:
 
Cached compiler stderr:
 /home/ahlstrom/Home/ca/mls/git/lib66/build/meson-private/tmpc5r0rrdn/testfile.cpp: In function 'int main()':
/home/ahlstrom/Home/ca/mls/git/lib66/build/meson-private/tmpc5r0rrdn/testfile.cpp:6:17: error: '_LIBCPP_VERSION' was not declared in this scope
    6 |                 _LIBCPP_VERSION;
      |                 ^~~~~~~~~~~~~~~

Using cached compile:
Cached command line:  c++ /home/ahlstrom/Home/ca/mls/git/lib66/build/meson-private/tmp140j8buf/testfile.cpp -o /home/ahlstrom/Home/ca/mls/git/lib66/build/meson-private/tmp140j8buf/output.obj -c -D_FILE_OFFSET_BITS=64 -O0 -fpermissive 

Code:
 
        #include <version>
        using _LIBCPP_VERSION;
        int main(void) { return 0; }
Cached compiler stdout:
 
Cached compiler stderr:
 /home/ahlstrom/Home/ca/mls/git/lib66/build/meson-private/tmp140j8buf/testfile.cpp:3:15: error: expected nested-name-specifier before '_LIBCPP_VERSION'
    3 |         using _LIBCPP_VERSION;
      |               ^~~~~~~~~~~~~~~

Running compile:
Working directory:  /home/ahlstrom/Home/ca/mls/git/lib66/build/meson-private/tmpr2yi9ro4
Code:

-----------
Command line: `c++ /home/ahlstrom/Home/ca/mls/git/lib66/build/meson-private/tmpr2yi9ro4/testfile.cpp -o /home/ahlstrom/Home/ca/mls/git/lib66/build/meson-private/tmpr2yi9ro4/output.obj -c -D_FILE_OFFSET_BITS=64 -O0 -fpermissive --print-search-dirs` -> 0
stdout:
install: /usr/lib/gcc/x86_64-pc-linux-gnu/14.2.1/
programs: =/usr/lib/gcc/x86_64-pc-linux-gnu/14.2.1/:/usr/lib/gcc/x86_64-pc-linux-gnu/14.2.1/:/usr/lib/gcc/x86_64-pc-linux-gnu/:/usr/lib/gcc/x86_64-pc-linux-gnu/14.2.1/:/usr/lib/gcc/x86_64-pc-linux-gnu/:/usr/lib/gcc/x86_64-pc-linux-gnu/14.2.1/../../../../x86_64-pc-linux-gnu/bin/x86_64-pc-linux-gnu/14.2.1/:/usr/lib/gcc/x86_64-pc-linux-gnu/14.2.1/../../../../x86_64-pc-linux-gnu/bin/
libraries: =/usr/lib/gcc/x86_64-pc-linux-gnu/14.2.1/:/usr/lib/gcc/x86_64-pc-linux-gnu/14.2.1/../../../../x86_64-pc-linux-gnu/lib/x86_64-pc-linux-gnu/14.2.1/:/usr/lib/gcc/x86_64-pc-linux-gnu/14.2.1/../../../../x86_64-pc-linux-gnu/lib/../lib/:/usr/lib/gcc/x86_64-pc-linux-gnu/14.2.1/../../../x86_64-pc-linux-gnu/14.2.1/:/usr/lib/gcc/x86_64-pc-linux-gnu/14.2.1/../../../../lib/:/lib/x86_64-pc-linux-gnu/14.2.1/:/lib/../lib/:/usr/lib/x86_64-pc-linux-gnu/14.2.1/:/usr/lib/../lib/:/usr/lib/gcc/x86_64-pc-linux-gnu/14.2.1/../../../../x86_64-pc-linux-gnu/lib/:/usr/lib/gcc/x86_64-pc-linux-gnu/14.2.1/../../../:/lib/:/usr/lib/
-----------
Failed to guess install tag for /usr/local/share/doc/lib66/ChangeLog
Failed to guess install tag for /usr/local/share/doc/lib66/LICENSE.md
Failed to guess install tag for /usr/local/share/doc/lib66/README.md
Failed to guess install tag for /usr/local/share/doc/lib66/ChangeLog
Failed to guess install tag for /usr/local/share/doc/lib66/LICENSE.md
Failed to guess install tag for /usr/local/share/doc/lib66/README.md
